2025-10-09 09:17:54 - APITestFramework - INFO - Framework initialized - Run ID: 100004
2025-10-09 09:17:54 - APITestFramework - INFO - Response folder: TestResponse\100004
2025-10-09 09:17:54 - APITestFramework - INFO - Report folder: Report\100004
2025-10-09 09:17:54 - APITestFramework - INFO - Preparing test data: both
2025-10-09 09:17:54 - APITestFramework - INFO - Processing regular test data...
2025-10-09 09:17:54 - APITestFramework - INFO - Starting test data processing for FullSetRequest
2025-10-09 09:17:54 - APITestFramework - INFO - Last APPID value in Excel: 100569458
2025-10-09 09:17:54 - APITestFramework - INFO - Excel file updated successfully with 1880 records
2025-10-09 09:17:54 - APITestFramework - INFO - Processed file: ACQ_DumpChanges_01.json with APPID: 100569459
2025-10-09 09:17:54 - APITestFramework - INFO - Processed file: ACQ_DumpChanges_02.json with APPID: 100569460
2025-10-09 09:17:54 - APITestFramework - INFO - Processed file: ACQ_DumpChanges_03.json with APPID: 100569461
2025-10-09 09:17:54 - APITestFramework - INFO - Processed file: ACQ_DumpChanges_04.json with APPID: 100569462
2025-10-09 09:17:54 - APITestFramework - INFO - Processed file: ACQ_DumpChanges_05.json with APPID: 100569463
2025-10-09 09:17:55 - APITestFramework - INFO - Processed file: ACQ_DumpChanges_06.json with APPID: 100569464
2025-10-09 09:17:55 - APITestFramework - INFO - Processed file: ACQ_DumpChanges_07.json with APPID: 100569465
2025-10-09 09:17:55 - APITestFramework - INFO - Processed file: ACQ_DumpChanges_08.json with APPID: 100569466
2025-10-09 09:17:55 - APITestFramework - INFO - Processed file: ACQ_DumpChanges_09.json with APPID: 100569467
2025-10-09 09:17:55 - APITestFramework - INFO - Processed file: ACQ_DumpChanges_10.json with APPID: 100569468
2025-10-09 09:17:55 - APITestFramework - INFO - Processed file: ACQ_DumpChanges_11.json with APPID: 100569469
2025-10-09 09:17:55 - APITestFramework - INFO - Processed file: ACQ_DumpChanges_12.json with APPID: 100569470
2025-10-09 09:17:55 - APITestFramework - INFO - Processed file: ACQ_DumpChanges_13.json with APPID: 100569471
2025-10-09 09:17:55 - APITestFramework - INFO - Processed file: ACQ_DumpChanges_14.json with APPID: 100569472
2025-10-09 09:17:55 - APITestFramework - INFO - Processed file: ACQ_DumpChanges_15.json with APPID: 100569473
2025-10-09 09:17:55 - APITestFramework - INFO - Processed file: ACQ_DumpChanges_16.json with APPID: 100569474
2025-10-09 09:17:55 - APITestFramework - INFO - Processed file: ACQ_DumpChanges_17.json with APPID: 100569475
2025-10-09 09:17:55 - APITestFramework - INFO - Processed file: ACQ_DumpChanges_18.json with APPID: 100569476
2025-10-09 09:17:55 - APITestFramework - INFO - Processed file: ACQ_DumpChanges_19.json with APPID: 100569477
2025-10-09 09:17:55 - APITestFramework - INFO - Processed file: ACQ_DumpChanges_20.json with APPID: 100569478
2025-10-09 09:17:55 - APITestFramework - INFO - Processed file: ACQ_DumpChanges_21.json with APPID: 100569479
2025-10-09 09:17:55 - APITestFramework - INFO - Processed file: ACQ_DumpChanges_22.json with APPID: 100569480
2025-10-09 09:17:56 - APITestFramework - INFO - Processed file: ACQ_DumpChanges_23.json with APPID: 100569481
2025-10-09 09:17:56 - APITestFramework - INFO - Processed file: ACQ_DumpChanges_24.json with APPID: 100569482
2025-10-09 09:17:56 - APITestFramework - INFO - Processed file: ACQ_DumpChanges_25.json with APPID: 100569483
2025-10-09 09:17:56 - APITestFramework - INFO - Processed file: ACQ_DumpChanges_26.json with APPID: 100569484
2025-10-09 09:17:56 - APITestFramework - INFO - Processed file: ACQ_DumpChanges_27.json with APPID: 100569485
2025-10-09 09:17:56 - APITestFramework - INFO - Processed file: ACQ_DumpChanges_28.json with APPID: 100569486
2025-10-09 09:17:56 - APITestFramework - INFO - Processed file: ACQ_DumpChanges_29.json with APPID: 100569487
2025-10-09 09:17:56 - APITestFramework - INFO - Processed file: ACQ_DumpChanges_30.json with APPID: 100569488
2025-10-09 09:17:56 - APITestFramework - INFO - Processed file: ACQ_DumpChanges_31.json with APPID: 100569489
2025-10-09 09:17:56 - APITestFramework - INFO - Processed file: ACQ_DumpChanges_32.json with APPID: 100569490
2025-10-09 09:17:56 - APITestFramework - INFO - Processed file: ACQ_DumpChanges_33.json with APPID: 100569491
2025-10-09 09:17:56 - APITestFramework - INFO - Processed file: ACQ_DumpChanges_34.json with APPID: 100569492
2025-10-09 09:17:56 - APITestFramework - INFO - Processed file: ACQ_DumpChanges_35.json with APPID: 100569493
2025-10-09 09:17:56 - APITestFramework - INFO - Processed file: ACQ_DumpChanges_36.json with APPID: 100569494
2025-10-09 09:17:56 - APITestFramework - INFO - Processed file: ACQ_DumpChanges_37.json with APPID: 100569495
2025-10-09 09:17:56 - APITestFramework - INFO - Processed file: ACQ_DumpChanges_38.json with APPID: 100569496
2025-10-09 09:17:56 - APITestFramework - INFO - Processed file: ACQ_DumpChanges_39.json with APPID: 100569497
2025-10-09 09:17:57 - APITestFramework - INFO - Processed file: ACQ_DumpChanges_40.json with APPID: 100569498
2025-10-09 09:17:57 - APITestFramework - INFO - Processed file: ACQ_DumpChanges_41.json with APPID: 100569499
2025-10-09 09:17:57 - APITestFramework - INFO - Processed file: ACQ_DumpChanges_42.json with APPID: 100569500
2025-10-09 09:17:57 - APITestFramework - INFO - Processed file: ACQ_DumpChanges_43.json with APPID: 100569501
2025-10-09 09:17:57 - APITestFramework - INFO - Processed file: ACQ_DumpChanges_44.json with APPID: 100569502
2025-10-09 09:17:57 - APITestFramework - INFO - Processed file: ACQ_DumpChanges_45.json with APPID: 100569503
2025-10-09 09:17:57 - APITestFramework - INFO - Processed file: ACQ_DumpChanges_46.json with APPID: 100569504
2025-10-09 09:17:57 - APITestFramework - INFO - Processed file: ACQ_DumpChanges_47.json with APPID: 100569505
2025-10-09 09:17:57 - APITestFramework - INFO - Processed file: ACQ_DumpChanges_48.json with APPID: 100569506
2025-10-09 09:17:57 - APITestFramework - INFO - Processed file: ACQ_DumpChanges_49.json with APPID: 100569507
2025-10-09 09:17:57 - APITestFramework - INFO - Processed file: ACQ_DumpChanges_50.json with APPID: 100569508
2025-10-09 09:17:57 - APITestFramework - INFO - Processed file: ACQ_EXPBaseline_Business_App.json with APPID: 100569509
2025-10-09 09:17:57 - APITestFramework - INFO - Processed file: ACQ_EXPBaseline_Business_App_1069120001.json with APPID: 100569510
2025-10-09 09:17:57 - APITestFramework - INFO - Processed file: ACQ_EXPBaseline_Business_App_1071009999.json with APPID: 100569511
2025-10-09 09:17:57 - APITestFramework - INFO - Processed file: ACQ_PID_Approve_Business_App_01.json with APPID: 100569512
2025-10-09 09:17:57 - APITestFramework - INFO - Processed file: ACQ_PID_Approve_Business_App_02.json with APPID: 100569513
2025-10-09 09:17:57 - APITestFramework - INFO - Processed file: ACQ_PID_Approve_Business_App_1069120001_01.json with APPID: 100569514
2025-10-09 09:17:58 - APITestFramework - INFO - Processed file: ACQ_PID_Approve_Business_App_1069120001_02.json with APPID: 100569515
2025-10-09 09:17:58 - APITestFramework - INFO - Processed file: ACQ_PID_Approve_Business_App_1071009999_01.json with APPID: 100569516
2025-10-09 09:17:58 - APITestFramework - INFO - Processed file: ACQ_PID_Approve_Business_App_1071009999_02.json with APPID: 100569517
2025-10-09 09:17:58 - APITestFramework - INFO - Processed file: ACQ_TriRefer_Business_App_01.json with APPID: 100569518
2025-10-09 09:17:58 - APITestFramework - INFO - Processed file: ACQ_TriRefer_Business_App_02.json with APPID: 100569519
2025-10-09 09:17:58 - APITestFramework - INFO - Processed file: ACQ_TriRefer_Business_App_1069120001_01.json with APPID: 100569520
2025-10-09 09:17:58 - APITestFramework - INFO - Processed file: ACQ_TriRefer_Business_App_1069120001_02.json with APPID: 100569521
2025-10-09 09:17:58 - APITestFramework - INFO - Processed file: ACQ_TriRefer_Business_App_1071009999_01.json with APPID: 100569522
2025-10-09 09:17:58 - APITestFramework - INFO - Processed file: ACQ_TriRefer_Business_App_1071009999_02.json with APPID: 100569523
2025-10-09 09:17:58 - APITestFramework - INFO - Processed file: CLI-1_01.json with APPID: 100569524
2025-10-09 09:17:58 - APITestFramework - INFO - Processed file: CLI-1_02.json with APPID: 100569525
2025-10-09 09:17:58 - APITestFramework - INFO - Processed file: CLI-1_03.json with APPID: 100569526
2025-10-09 09:17:58 - APITestFramework - INFO - Processed file: CLI-1_04.json with APPID: 100569527
2025-10-09 09:17:58 - APITestFramework - INFO - Processed file: CLI-1_05.json with APPID: 100569528
2025-10-09 09:17:58 - APITestFramework - INFO - Processed file: CLI-1_06.json with APPID: 100569529
2025-10-09 09:17:58 - APITestFramework - INFO - Processed file: CLI-1_07.json with APPID: 100569530
2025-10-09 09:17:58 - APITestFramework - INFO - Processed file: CLI-1_08.json with APPID: 100569531
2025-10-09 09:17:58 - APITestFramework - INFO - Processed file: CLI-1_09.json with APPID: 100569532
2025-10-09 09:17:59 - APITestFramework - INFO - Processed file: CLI-1_10.json with APPID: 100569533
2025-10-09 09:17:59 - APITestFramework - INFO - Processed file: CLI-2_01.json with APPID: 100569534
2025-10-09 09:17:59 - APITestFramework - INFO - Processed file: CLI-2_02.json with APPID: 100569535
2025-10-09 09:17:59 - APITestFramework - INFO - Processed file: CLI-2_03.json with APPID: 100569536
2025-10-09 09:17:59 - APITestFramework - INFO - Processed file: CLI-2_04.json with APPID: 100569537
2025-10-09 09:17:59 - APITestFramework - INFO - Processed file: CLI-2_05.json with APPID: 100569538
2025-10-09 09:17:59 - APITestFramework - INFO - Processed file: CLI-2_06.json with APPID: 100569539
2025-10-09 09:17:59 - APITestFramework - INFO - Processed file: CLI-2_07.json with APPID: 100569540
2025-10-09 09:17:59 - APITestFramework - INFO - Processed file: CLI-2_08.json with APPID: 100569541
2025-10-09 09:17:59 - APITestFramework - INFO - Processed file: CLI_BureauLength_01.json with APPID: 100569542
2025-10-09 09:17:59 - APITestFramework - INFO - Processed file: CLI_BureauLength_02.json with APPID: 100569543
2025-10-09 09:17:59 - APITestFramework - INFO - Processed file: CLI_BureauLength_03.json with APPID: 100569544
2025-10-09 09:17:59 - APITestFramework - INFO - Processed file: CLI_BureauLength_04.json with APPID: 100569545
2025-10-09 09:17:59 - APITestFramework - INFO - Processed file: CLI_BureauLength_05.json with APPID: 100569546
2025-10-09 09:17:59 - APITestFramework - INFO - Processed file: CLI_BureauLength_06.json with APPID: 100569547
2025-10-09 09:17:59 - APITestFramework - INFO - Processed file: CLI_Business_App_01.json with APPID: 100569548
2025-10-09 09:17:59 - APITestFramework - INFO - Processed file: CLI_Business_App_02.json with APPID: 100569549
2025-10-09 09:17:59 - APITestFramework - INFO - Processed file: CLI_Business_App_03.json with APPID: 100569550
2025-10-09 09:17:59 - APITestFramework - INFO - Processed file: CLI_Business_App_04.json with APPID: 100569551
2025-10-09 09:17:59 - APITestFramework - INFO - Processed file: CLI_Business_App_05.json with APPID: 100569552
2025-10-09 09:17:59 - APITestFramework - INFO - Processed file: DiffScen_01.json with APPID: 100569553
2025-10-09 09:17:59 - APITestFramework - INFO - Processed file: DiffScen_02.json with APPID: 100569554
2025-10-09 09:17:59 - APITestFramework - INFO - Processed file: DiffScen_03.json with APPID: 100569555
2025-10-09 09:18:00 - APITestFramework - INFO - Processed file: DiffScen_04.json with APPID: 100569556
2025-10-09 09:18:00 - APITestFramework - INFO - Processed file: DiffScen_05.json with APPID: 100569557
2025-10-09 09:18:00 - APITestFramework - INFO - Processed file: DiffScen_06.json with APPID: 100569558
